Build started 11/20/2015 5:12:31 PM.
     1>Project "E:\Visual Studios Projects\CS321-Project5\CS321-Project5\CS321-Project5\CS321-Project5.vcxproj" on node 2 (Build target(s)).
     1>ClCompile:
         C:\Program Files (x86)\Microsoft Visual Studio 12.0\VC\bin\CL.exe /c /I"C:\Program Files (x86)\Microsoft SDKs\Windows\v7.1A\Include\glm" /I"C:\Program Files (x86)\Microsoft SDKs\Windows\v7.1A\Include" /ZI /nologo /W3 /WX- /sdl /Od /Oy- /D WIN32 /D _DEBUG /D _CONSOLE /D _LIB /D _UNICODE /D UNICODE /Gm /EHsc /RTC1 /MDd /GS /fp:precise /Zc:wchar_t /Zc:forScope /Fo"Debug\\" /Fd"Debug\vc120.pdb" /Gd /TP /analyze- /errorReport:prompt OBJLoader.cpp Project5Implementation.cpp Project5Main.cpp
     1>cl : Command line warning D9028: minimal rebuild failure, reverting to normal build
         OBJLoader.cpp
     1>c:\program files (x86)\microsoft sdks\windows\v7.1a\include\sal_supp.h(57): warning C4005: '__useHeader' : macro redefinition
                 c:\program files (x86)\microsoft visual studio 12.0\vc\include\sal.h(2886) : see previous definition of '__useHeader'
     1>c:\program files (x86)\microsoft sdks\windows\v7.1a\include\specstrings_supp.h(77): warning C4005: '__on_failure' : macro redefinition
                 c:\program files (x86)\microsoft visual studio 12.0\vc\include\sal.h(2896) : see previous definition of '__on_failure'
     1>e:\visual studios projects\cs321-project5\cs321-project5\cs321-project5\objloader_h.h(6): warning C4067: unexpected tokens following preprocessor directive - expected a newline
     1>e:\visual studios projects\cs321-project5\cs321-project5\cs321-project5\objloader.cpp(16): warning C4305: 'initializing' : truncation from 'int' to 'GLfloat'
     1>e:\visual studios projects\cs321-project5\cs321-project5\cs321-project5\objloader.cpp(45): warning C4244: '=' : conversion from 'float' to 'int', possible loss of data
     1>e:\visual studios projects\cs321-project5\cs321-project5\cs321-project5\objloader.cpp(46): warning C4244: '=' : conversion from 'float' to 'int', possible loss of data
     1>e:\visual studios projects\cs321-project5\cs321-project5\cs321-project5\objloader.cpp(47): warning C4244: '=' : conversion from 'float' to 'int', possible loss of data
     1>e:\visual studios projects\cs321-project5\cs321-project5\cs321-project5\objloader.cpp(96): warning C4305: '=' : truncation from 'int' to 'GLfloat'
     1>e:\visual studios projects\cs321-project5\cs321-project5\cs321-project5\objloader.cpp(149): warning C4305: '=' : truncation from 'int' to 'GLfloat'
     1>e:\visual studios projects\cs321-project5\cs321-project5\cs321-project5\objloader.cpp(161): warning C4305: '=' : truncation from 'int' to 'GLfloat'
         Project5Implementation.cpp
     1>c:\program files (x86)\microsoft sdks\windows\v7.1a\include\sal_supp.h(57): warning C4005: '__useHeader' : macro redefinition
                 c:\program files (x86)\microsoft visual studio 12.0\vc\include\sal.h(2886) : see previous definition of '__useHeader'
     1>c:\program files (x86)\microsoft sdks\windows\v7.1a\include\specstrings_supp.h(77): warning C4005: '__on_failure' : macro redefinition
                 c:\program files (x86)\microsoft visual studio 12.0\vc\include\sal.h(2896) : see previous definition of '__on_failure'
     1>e:\visual studios projects\cs321-project5\cs321-project5\cs321-project5\objloader_h.h(6): warning C4067: unexpected tokens following preprocessor directive - expected a newline
     1>e:\visual studios projects\cs321-project5\cs321-project5\cs321-project5\project5implementation.cpp(115): warning C4244: '=' : conversion from 'GLdouble' to 'GLfloat', possible loss of data
     1>e:\visual studios projects\cs321-project5\cs321-project5\cs321-project5\project5implementation.cpp(116): warning C4244: '=' : conversion from 'GLdouble' to 'GLfloat', possible loss of data
     1>e:\visual studios projects\cs321-project5\cs321-project5\cs321-project5\project5implementation.cpp(117): warning C4244: '=' : conversion from 'GLdouble' to 'GLfloat', possible loss of data
     1>e:\visual studios projects\cs321-project5\cs321-project5\cs321-project5\project5implementation.cpp(191): warning C4244: '+=' : conversion from 'GLdouble' to 'GLfloat', possible loss of data
     1>e:\visual studios projects\cs321-project5\cs321-project5\cs321-project5\project5implementation.cpp(259): warning C4244: '=' : conversion from 'double' to 'float', possible loss of data
     1>e:\visual studios projects\cs321-project5\cs321-project5\cs321-project5\project5implementation.cpp(261): warning C4244: '=' : conversion from 'double' to 'float', possible loss of data
     1>e:\visual studios projects\cs321-project5\cs321-project5\cs321-project5\project5implementation.cpp(356): warning C4244: '=' : conversion from 'int' to 'GLfloat', possible loss of data
     1>e:\visual studios projects\cs321-project5\cs321-project5\cs321-project5\project5implementation.cpp(357): warning C4244: '=' : conversion from 'int' to 'GLfloat', possible loss of data
     1>e:\visual studios projects\cs321-project5\cs321-project5\cs321-project5\project5implementation.cpp(358): warning C4244: '=' : conversion from 'int' to 'GLfloat', possible loss of data
     1>e:\visual studios projects\cs321-project5\cs321-project5\cs321-project5\project5implementation.cpp(466): warning C4244: '=' : conversion from 'double' to 'GLfloat', possible loss of data
     1>e:\visual studios projects\cs321-project5\cs321-project5\cs321-project5\project5implementation.cpp(470): warning C4244: '=' : conversion from 'double' to 'GLfloat', possible loss of data
     1>e:\visual studios projects\cs321-project5\cs321-project5\cs321-project5\project5implementation.cpp(474): warning C4244: '=' : conversion from 'double' to 'GLfloat', possible loss of data
     1>e:\visual studios projects\cs321-project5\cs321-project5\cs321-project5\project5implementation.cpp(479): warning C4244: '=' : conversion from 'double' to 'GLfloat', possible loss of data
     1>e:\visual studios projects\cs321-project5\cs321-project5\cs321-project5\project5implementation.cpp(484): warning C4244: '=' : conversion from 'double' to 'GLfloat', possible loss of data
     1>e:\visual studios projects\cs321-project5\cs321-project5\cs321-project5\project5implementation.cpp(488): warning C4244: '=' : conversion from 'double' to 'GLfloat', possible loss of data
     1>e:\visual studios projects\cs321-project5\cs321-project5\cs321-project5\project5implementation.cpp(498): warning C4244: '=' : conversion from 'double' to 'GLfloat', possible loss of data
     1>e:\visual studios projects\cs321-project5\cs321-project5\cs321-project5\project5implementation.cpp(501): warning C4244: '=' : conversion from 'double' to 'GLfloat', possible loss of data
     1>e:\visual studios projects\cs321-project5\cs321-project5\cs321-project5\project5implementation.cpp(540): warning C4305: '+=' : truncation from 'double' to 'GLfloat'
     1>e:\visual studios projects\cs321-project5\cs321-project5\cs321-project5\project5implementation.cpp(541): warning C4305: '+=' : truncation from 'double' to 'GLfloat'
     1>e:\visual studios projects\cs321-project5\cs321-project5\cs321-project5\project5implementation.cpp(542): warning C4305: '+=' : truncation from 'double' to 'GLfloat'
     1>e:\visual studios projects\cs321-project5\cs321-project5\cs321-project5\project5implementation.cpp(545): warning C4305: '-=' : truncation from 'double' to 'GLfloat'
     1>e:\visual studios projects\cs321-project5\cs321-project5\cs321-project5\project5implementation.cpp(546): warning C4305: '-=' : truncation from 'double' to 'GLfloat'
     1>e:\visual studios projects\cs321-project5\cs321-project5\cs321-project5\project5implementation.cpp(547): warning C4305: '-=' : truncation from 'double' to 'GLfloat'
     1>e:\visual studios projects\cs321-project5\cs321-project5\cs321-project5\project5implementation.cpp(559): warning C4305: '+=' : truncation from 'double' to 'GLfloat'
     1>e:\visual studios projects\cs321-project5\cs321-project5\cs321-project5\project5implementation.cpp(560): warning C4305: '+=' : truncation from 'double' to 'GLfloat'
     1>e:\visual studios projects\cs321-project5\cs321-project5\cs321-project5\project5implementation.cpp(563): warning C4305: '-=' : truncation from 'double' to 'GLfloat'
     1>e:\visual studios projects\cs321-project5\cs321-project5\cs321-project5\project5implementation.cpp(564): warning C4305: '-=' : truncation from 'double' to 'GLfloat'
     1>e:\visual studios projects\cs321-project5\cs321-project5\cs321-project5\project5implementation.cpp(567): warning C4305: '+=' : truncation from 'double' to 'GLfloat'
     1>e:\visual studios projects\cs321-project5\cs321-project5\cs321-project5\project5implementation.cpp(570): warning C4305: '-=' : truncation from 'double' to 'GLfloat'
         Project5Main.cpp
     1>c:\program files (x86)\microsoft sdks\windows\v7.1a\include\sal_supp.h(57): warning C4005: '__useHeader' : macro redefinition
                 c:\program files (x86)\microsoft visual studio 12.0\vc\include\sal.h(2886) : see previous definition of '__useHeader'
     1>c:\program files (x86)\microsoft sdks\windows\v7.1a\include\specstrings_supp.h(77): warning C4005: '__on_failure' : macro redefinition
                 c:\program files (x86)\microsoft visual studio 12.0\vc\include\sal.h(2896) : see previous definition of '__on_failure'
     1>e:\visual studios projects\cs321-project5\cs321-project5\cs321-project5\objloader_h.h(6): warning C4067: unexpected tokens following preprocessor directive - expected a newline
         Generating Code...
       Link:
         C:\Program Files (x86)\Microsoft Visual Studio 12.0\VC\bin\link.exe /ERRORREPORT:PROMPT /OUT:"E:\Visual Studios Projects\CS321-Project5\CS321-Project5\Debug\CS321-Project5.exe" /INCREMENTAL /NOLOGO /LIBPATH:"C:\Program Files (x86)\Microsoft SDKs\Windows\v7.1A\Lib" glew32.lib freeglut.lib kernel32.lib user32.lib gdi32.lib winspool.lib comdlg32.lib advapi32.lib shell32.lib ole32.lib oleaut32.lib uuid.lib odbc32.lib odbccp32.lib /MANIFEST /MANIFESTUAC:"level='asInvoker' uiAccess='false'" /manifest:embed /DEBUG /PDB:"E:\Visual Studios Projects\CS321-Project5\CS321-Project5\Debug\CS321-Project5.pdb" /SUBSYSTEM:CONSOLE /TLBID:1 /DYNAMICBASE /NXCOMPAT /IMPLIB:"E:\Visual Studios Projects\CS321-Project5\CS321-Project5\Debug\CS321-Project5.lib" /MACHINE:X86 Debug\OBJLoader.obj
         Debug\Project5Implementation.obj
         Debug\Project5Main.obj
         CS321-Project5.vcxproj -> E:\Visual Studios Projects\CS321-Project5\CS321-Project5\Debug\CS321-Project5.exe
     1>Done Building Project "E:\Visual Studios Projects\CS321-Project5\CS321-Project5\CS321-Project5\CS321-Project5.vcxproj" (Build target(s)).

Build succeeded.

Time Elapsed 00:00:01.50
